  minecraft.cpp
C:\Users\tomde\OneDrive\Documents\programmation\C++\minecraft\render.hpp(39,8): warning C4099: 'Light' : nom de type déjà rencontré avec 'class' et utilisant maintenant 'struct'
  (compiler le fichier source 'minecraft.cpp')
      C:\Users\tomde\OneDrive\Documents\programmation\C++\minecraft\render.hpp(39,8):
      voir la déclaration de 'Light'
  
C:\Users\tomde\OneDrive\Documents\programmation\C++\minecraft\minecraft.cpp(137,48): warning C4244: 'argument' : conversion de 'int' en 'float', perte possible de données
C:\Users\tomde\OneDrive\Documents\programmation\C++\minecraft\minecraft.cpp(137,45): warning C4244: 'argument' : conversion de 'int' en 'float', perte possible de données
C:\Users\tomde\OneDrive\Documents\programmation\C++\minecraft\minecraft.cpp(137,42): warning C4244: 'argument' : conversion de 'int' en 'float', perte possible de données
C:\Users\tomde\OneDrive\Documents\programmation\C++\minecraft\minecraft.cpp(141,47): warning C4244: 'argument' : conversion de 'int' en 'float', perte possible de données
C:\Users\tomde\OneDrive\Documents\programmation\C++\minecraft\minecraft.cpp(141,43): warning C4244: 'argument' : conversion de 'int' en 'float', perte possible de données
C:\Users\tomde\OneDrive\Documents\programmation\C++\minecraft\minecraft.cpp(141,39): warning C4244: 'argument' : conversion de 'int' en 'float', perte possible de données
C:\Users\tomde\OneDrive\Documents\programmation\C++\minecraft\minecraft.cpp(145,48): warning C4244: 'argument' : conversion de 'int' en 'float', perte possible de données
C:\Users\tomde\OneDrive\Documents\programmation\C++\minecraft\minecraft.cpp(145,45): warning C4244: 'argument' : conversion de 'int' en 'float', perte possible de données
C:\Users\tomde\OneDrive\Documents\programmation\C++\minecraft\minecraft.cpp(145,41): warning C4244: 'argument' : conversion de 'int' en 'float', perte possible de données
C:\Users\tomde\OneDrive\Documents\programmation\C++\minecraft\minecraft.cpp(149,46): warning C4244: 'argument' : conversion de 'int' en 'float', perte possible de données
C:\Users\tomde\OneDrive\Documents\programmation\C++\minecraft\minecraft.cpp(149,43): warning C4244: 'argument' : conversion de 'int' en 'float', perte possible de données
C:\Users\tomde\OneDrive\Documents\programmation\C++\minecraft\minecraft.cpp(149,40): warning C4244: 'argument' : conversion de 'int' en 'float', perte possible de données
C:\Users\tomde\OneDrive\Documents\programmation\C++\minecraft\minecraft.cpp(153,47): warning C4244: 'argument' : conversion de 'int' en 'float', perte possible de données
C:\Users\tomde\OneDrive\Documents\programmation\C++\minecraft\minecraft.cpp(153,43): warning C4244: 'argument' : conversion de 'int' en 'float', perte possible de données
C:\Users\tomde\OneDrive\Documents\programmation\C++\minecraft\minecraft.cpp(153,40): warning C4244: 'argument' : conversion de 'int' en 'float', perte possible de données
C:\Users\tomde\OneDrive\Documents\programmation\C++\minecraft\minecraft.cpp(157,46): warning C4244: 'argument' : conversion de 'int' en 'float', perte possible de données
C:\Users\tomde\OneDrive\Documents\programmation\C++\minecraft\minecraft.cpp(157,43): warning C4244: 'argument' : conversion de 'int' en 'float', perte possible de données
C:\Users\tomde\OneDrive\Documents\programmation\C++\minecraft\minecraft.cpp(157,40): warning C4244: 'argument' : conversion de 'int' en 'float', perte possible de données
C:\Users\tomde\OneDrive\Documents\programmation\C++\minecraft\minecraft.cpp(98,1): warning C4715: 'getTexture' : les chemins de contrôle ne retournent pas tous une valeur
  minecraft.vcxproj -> C:\Users\tomde\OneDrive\Documents\programmation\C++\minecraft\x64\Debug\minecraft.exe
