  minecraft.cpp
C:\Users\tomde\OneDrive\Documents\programmation\C++\minecraft\render.hpp(40,8): warning C4099: 'Light' : nom de type déjà rencontré avec 'class' et utilisant maintenant 'struct'
  (compiler le fichier source 'minecraft.cpp')
      C:\Users\tomde\OneDrive\Documents\programmation\C++\minecraft\render.hpp(40,8):
      voir la déclaration de 'Light'
  
C:\Users\tomde\OneDrive\Documents\programmation\C++\minecraft\minecraft.cpp(281,88): warning C4244: 'argument' : conversion de 'int' en 'float', perte possible de données
C:\Users\tomde\OneDrive\Documents\programmation\C++\minecraft\minecraft.cpp(281,83): warning C4244: 'argument' : conversion de 'int' en 'float', perte possible de données
C:\Users\tomde\OneDrive\Documents\programmation\C++\minecraft\minecraft.cpp(281,55): warning C4244: 'argument' : conversion de 'int' en 'float', perte possible de données
C:\Users\tomde\OneDrive\Documents\programmation\C++\minecraft\minecraft.cpp(284,88): warning C4244: 'argument' : conversion de 'int' en 'float', perte possible de données
C:\Users\tomde\OneDrive\Documents\programmation\C++\minecraft\minecraft.cpp(284,83): warning C4244: 'argument' : conversion de 'int' en 'float', perte possible de données
C:\Users\tomde\OneDrive\Documents\programmation\C++\minecraft\minecraft.cpp(284,55): warning C4244: 'argument' : conversion de 'int' en 'float', perte possible de données
C:\Users\tomde\OneDrive\Documents\programmation\C++\minecraft\minecraft.cpp(291,84): warning C4244: 'argument' : conversion de 'int' en 'float', perte possible de données
C:\Users\tomde\OneDrive\Documents\programmation\C++\minecraft\minecraft.cpp(291,79): warning C4244: 'argument' : conversion de 'int' en 'float', perte possible de données
C:\Users\tomde\OneDrive\Documents\programmation\C++\minecraft\minecraft.cpp(291,51): warning C4244: 'argument' : conversion de 'int' en 'float', perte possible de données
C:\Users\tomde\OneDrive\Documents\programmation\C++\minecraft\minecraft.cpp(294,84): warning C4244: 'argument' : conversion de 'int' en 'float', perte possible de données
C:\Users\tomde\OneDrive\Documents\programmation\C++\minecraft\minecraft.cpp(294,79): warning C4244: 'argument' : conversion de 'int' en 'float', perte possible de données
C:\Users\tomde\OneDrive\Documents\programmation\C++\minecraft\minecraft.cpp(294,51): warning C4244: 'argument' : conversion de 'int' en 'float', perte possible de données
C:\Users\tomde\OneDrive\Documents\programmation\C++\minecraft\minecraft.cpp(302,92): warning C4244: 'argument' : conversion de 'int' en 'float', perte possible de données
C:\Users\tomde\OneDrive\Documents\programmation\C++\minecraft\minecraft.cpp(302,87): warning C4244: 'argument' : conversion de 'int' en 'float', perte possible de données
C:\Users\tomde\OneDrive\Documents\programmation\C++\minecraft\minecraft.cpp(302,59): warning C4244: 'argument' : conversion de 'int' en 'float', perte possible de données
C:\Users\tomde\OneDrive\Documents\programmation\C++\minecraft\minecraft.cpp(305,92): warning C4244: 'argument' : conversion de 'int' en 'float', perte possible de données
C:\Users\tomde\OneDrive\Documents\programmation\C++\minecraft\minecraft.cpp(305,87): warning C4244: 'argument' : conversion de 'int' en 'float', perte possible de données
C:\Users\tomde\OneDrive\Documents\programmation\C++\minecraft\minecraft.cpp(305,59): warning C4244: 'argument' : conversion de 'int' en 'float', perte possible de données
C:\Users\tomde\OneDrive\Documents\programmation\C++\minecraft\minecraft.cpp(312,88): warning C4244: 'argument' : conversion de 'int' en 'float', perte possible de données
C:\Users\tomde\OneDrive\Documents\programmation\C++\minecraft\minecraft.cpp(312,83): warning C4244: 'argument' : conversion de 'int' en 'float', perte possible de données
C:\Users\tomde\OneDrive\Documents\programmation\C++\minecraft\minecraft.cpp(312,55): warning C4244: 'argument' : conversion de 'int' en 'float', perte possible de données
C:\Users\tomde\OneDrive\Documents\programmation\C++\minecraft\minecraft.cpp(315,88): warning C4244: 'argument' : conversion de 'int' en 'float', perte possible de données
C:\Users\tomde\OneDrive\Documents\programmation\C++\minecraft\minecraft.cpp(315,83): warning C4244: 'argument' : conversion de 'int' en 'float', perte possible de données
C:\Users\tomde\OneDrive\Documents\programmation\C++\minecraft\minecraft.cpp(315,55): warning C4244: 'argument' : conversion de 'int' en 'float', perte possible de données
C:\Users\tomde\OneDrive\Documents\programmation\C++\minecraft\minecraft.cpp(331,86): warning C4244: 'argument' : conversion de 'int' en 'float', perte possible de données
C:\Users\tomde\OneDrive\Documents\programmation\C++\minecraft\minecraft.cpp(331,81): warning C4244: 'argument' : conversion de 'int' en 'float', perte possible de données
C:\Users\tomde\OneDrive\Documents\programmation\C++\minecraft\minecraft.cpp(331,53): warning C4244: 'argument' : conversion de 'int' en 'float', perte possible de données
C:\Users\tomde\OneDrive\Documents\programmation\C++\minecraft\minecraft.cpp(334,86): warning C4244: 'argument' : conversion de 'int' en 'float', perte possible de données
C:\Users\tomde\OneDrive\Documents\programmation\C++\minecraft\minecraft.cpp(334,81): warning C4244: 'argument' : conversion de 'int' en 'float', perte possible de données
C:\Users\tomde\OneDrive\Documents\programmation\C++\minecraft\minecraft.cpp(334,53): warning C4244: 'argument' : conversion de 'int' en 'float', perte possible de données
C:\Users\tomde\OneDrive\Documents\programmation\C++\minecraft\minecraft.cpp(341,87): warning C4244: 'argument' : conversion de 'int' en 'float', perte possible de données
C:\Users\tomde\OneDrive\Documents\programmation\C++\minecraft\minecraft.cpp(341,80): warning C4244: 'argument' : conversion de 'int' en 'float', perte possible de données
C:\Users\tomde\OneDrive\Documents\programmation\C++\minecraft\minecraft.cpp(341,50): warning C4244: 'argument' : conversion de 'int' en 'float', perte possible de données
C:\Users\tomde\OneDrive\Documents\programmation\C++\minecraft\minecraft.cpp(344,87): warning C4244: 'argument' : conversion de 'int' en 'float', perte possible de données
C:\Users\tomde\OneDrive\Documents\programmation\C++\minecraft\minecraft.cpp(344,80): warning C4244: 'argument' : conversion de 'int' en 'float', perte possible de données
C:\Users\tomde\OneDrive\Documents\programmation\C++\minecraft\minecraft.cpp(344,50): warning C4244: 'argument' : conversion de 'int' en 'float', perte possible de données
C:\Users\tomde\OneDrive\Documents\programmation\C++\minecraft\minecraft.cpp(350,87): warning C4244: 'argument' : conversion de 'int' en 'float', perte possible de données
C:\Users\tomde\OneDrive\Documents\programmation\C++\minecraft\minecraft.cpp(350,80): warning C4244: 'argument' : conversion de 'int' en 'float', perte possible de données
C:\Users\tomde\OneDrive\Documents\programmation\C++\minecraft\minecraft.cpp(350,50): warning C4244: 'argument' : conversion de 'int' en 'float', perte possible de données
C:\Users\tomde\OneDrive\Documents\programmation\C++\minecraft\minecraft.cpp(353,87): warning C4244: 'argument' : conversion de 'int' en 'float', perte possible de données
C:\Users\tomde\OneDrive\Documents\programmation\C++\minecraft\minecraft.cpp(353,80): warning C4244: 'argument' : conversion de 'int' en 'float', perte possible de données
C:\Users\tomde\OneDrive\Documents\programmation\C++\minecraft\minecraft.cpp(353,50): warning C4244: 'argument' : conversion de 'int' en 'float', perte possible de données
C:\Users\tomde\OneDrive\Documents\programmation\C++\minecraft\minecraft.cpp(362,88): warning C4244: 'argument' : conversion de 'int' en 'float', perte possible de données
C:\Users\tomde\OneDrive\Documents\programmation\C++\minecraft\minecraft.cpp(362,83): warning C4244: 'argument' : conversion de 'int' en 'float', perte possible de données
C:\Users\tomde\OneDrive\Documents\programmation\C++\minecraft\minecraft.cpp(362,55): warning C4244: 'argument' : conversion de 'int' en 'float', perte possible de données
C:\Users\tomde\OneDrive\Documents\programmation\C++\minecraft\minecraft.cpp(365,88): warning C4244: 'argument' : conversion de 'int' en 'float', perte possible de données
C:\Users\tomde\OneDrive\Documents\programmation\C++\minecraft\minecraft.cpp(365,83): warning C4244: 'argument' : conversion de 'int' en 'float', perte possible de données
C:\Users\tomde\OneDrive\Documents\programmation\C++\minecraft\minecraft.cpp(365,55): warning C4244: 'argument' : conversion de 'int' en 'float', perte possible de données
C:\Users\tomde\OneDrive\Documents\programmation\C++\minecraft\minecraft.cpp(372,84): warning C4244: 'argument' : conversion de 'int' en 'float', perte possible de données
C:\Users\tomde\OneDrive\Documents\programmation\C++\minecraft\minecraft.cpp(372,79): warning C4244: 'argument' : conversion de 'int' en 'float', perte possible de données
C:\Users\tomde\OneDrive\Documents\programmation\C++\minecraft\minecraft.cpp(372,51): warning C4244: 'argument' : conversion de 'int' en 'float', perte possible de données
C:\Users\tomde\OneDrive\Documents\programmation\C++\minecraft\minecraft.cpp(375,84): warning C4244: 'argument' : conversion de 'int' en 'float', perte possible de données
C:\Users\tomde\OneDrive\Documents\programmation\C++\minecraft\minecraft.cpp(375,79): warning C4244: 'argument' : conversion de 'int' en 'float', perte possible de données
C:\Users\tomde\OneDrive\Documents\programmation\C++\minecraft\minecraft.cpp(375,51): warning C4244: 'argument' : conversion de 'int' en 'float', perte possible de données
C:\Users\tomde\OneDrive\Documents\programmation\C++\minecraft\minecraft.cpp(384,92): warning C4244: 'argument' : conversion de 'int' en 'float', perte possible de données
C:\Users\tomde\OneDrive\Documents\programmation\C++\minecraft\minecraft.cpp(384,83): warning C4244: 'argument' : conversion de 'int' en 'float', perte possible de données
C:\Users\tomde\OneDrive\Documents\programmation\C++\minecraft\minecraft.cpp(384,55): warning C4244: 'argument' : conversion de 'int' en 'float', perte possible de données
C:\Users\tomde\OneDrive\Documents\programmation\C++\minecraft\minecraft.cpp(387,92): warning C4244: 'argument' : conversion de 'int' en 'float', perte possible de données
C:\Users\tomde\OneDrive\Documents\programmation\C++\minecraft\minecraft.cpp(387,83): warning C4244: 'argument' : conversion de 'int' en 'float', perte possible de données
C:\Users\tomde\OneDrive\Documents\programmation\C++\minecraft\minecraft.cpp(387,55): warning C4244: 'argument' : conversion de 'int' en 'float', perte possible de données
C:\Users\tomde\OneDrive\Documents\programmation\C++\minecraft\minecraft.cpp(394,88): warning C4244: 'argument' : conversion de 'int' en 'float', perte possible de données
C:\Users\tomde\OneDrive\Documents\programmation\C++\minecraft\minecraft.cpp(394,79): warning C4244: 'argument' : conversion de 'int' en 'float', perte possible de données
C:\Users\tomde\OneDrive\Documents\programmation\C++\minecraft\minecraft.cpp(394,51): warning C4244: 'argument' : conversion de 'int' en 'float', perte possible de données
C:\Users\tomde\OneDrive\Documents\programmation\C++\minecraft\minecraft.cpp(397,88): warning C4244: 'argument' : conversion de 'int' en 'float', perte possible de données
C:\Users\tomde\OneDrive\Documents\programmation\C++\minecraft\minecraft.cpp(397,79): warning C4244: 'argument' : conversion de 'int' en 'float', perte possible de données
C:\Users\tomde\OneDrive\Documents\programmation\C++\minecraft\minecraft.cpp(397,51): warning C4244: 'argument' : conversion de 'int' en 'float', perte possible de données
LINK : warning LNK4098: conflit entre la bibliothèque par défaut 'LIBCMT' et les autres bibliothèques ; utilisez /NODEFAULTLIB:library
  Génération de code en cours
  3 of 1322 functions ( 0.2%) were compiled, the rest were copied from previous compilation.
    0 functions were new in current compilation
    8 functions had inline decision re-evaluated but remain unchanged
  Fin de la génération du code
glew32s.lib(glew.obj) : warning LNK4099: PDB '' n'a pu être trouvé avec 'glew32s.lib(glew.obj)' ou sur '' ; l'objet sera lié sans informations de débogage
  minecraft.vcxproj -> C:\Users\tomde\OneDrive\Documents\programmation\C++\minecraft\x64\Release\minecraft.exe
